{
  "RSpec": {
    "coverage": {
      "/Users/jaw/Turing/3module/projects/rales_engine/config/environment.rb": [
        null,
        1,
        null,
        null,
        1
      ],
      "/Users/jaw/Turing/3module/projects/rales_engine/config/application.rb": [
        1,
        null,
        1,
        null,
        1,
        1,
        1,
        1,
        1,
        1,
        1,
        null,
        null,
        null,
        null,
        null,
        1,
        null,
        1,
        1,
        null,
        1,
        null,
        null,
        null,
        null,
        null,
        null,
        null,
        null,
        1,
        null,
        null
      ],
      "/Users/jaw/Turing/3module/projects/rales_engine/config/boot.rb": [
        1,
        null,
        1
      ],
      "/Users/jaw/Turing/3module/projects/rales_engine/config/environments/test.rb": [
        1,
        null,
        null,
        null,
        null,
        null,
        null,
        1,
        null,
        null,
        null,
        null,
        1,
        null,
        null,
        1,
        1,
        null,
        null,
        null,
        null,
        1,
        1,
        null,
        null,
        1,
        null,
        null,
        1,
        1,
        null,
        null,
        null,
        null,
        1,
        null,
        null,
        1,
        null,
        null,
        null,
        null
      ],
      "/Users/jaw/Turing/3module/projects/rales_engine/config/initializers/application_controller_renderer.rb": [
        null,
        null,
        null,
        null,
        null,
        null,
        null,
        null
      ],
      "/Users/jaw/Turing/3module/projects/rales_engine/config/initializers/backtrace_silencers.rb": [
        null,
        null,
        null,
        null,
        null,
        null,
        null
      ],
      "/Users/jaw/Turing/3module/projects/rales_engine/config/initializers/cors.rb": [
        null,
        null,
        null,
        null,
        null,
        null,
        null,
        null,
        null,
        null,
        null,
        null,
        null,
        null,
        null,
        null
      ],
      "/Users/jaw/Turing/3module/projects/rales_engine/config/initializers/filter_parameter_logging.rb": [
        null,
        null,
        null,
        1
      ],
      "/Users/jaw/Turing/3module/projects/rales_engine/config/initializers/inflections.rb": [
        null,
        null,
        null,
        null,
        null,
        null,
        null,
        null,
        null,
        null,
        null,
        null,
        null,
        null,
        null,
        null
      ],
      "/Users/jaw/Turing/3module/projects/rales_engine/config/initializers/mime_types.rb": [
        null,
        null,
        null,
        null
      ],
      "/Users/jaw/Turing/3module/projects/rales_engine/config/initializers/wrap_parameters.rb": [
        null,
        null,
        null,
        null,
        null,
        null,
        1,
        2,
        null,
        null,
        null,
        null,
        null,
        null
      ],
      "/Users/jaw/Turing/3module/projects/rales_engine/config/routes.rb": [
        1,
        1,
        1,
        1,
        1,
        null,
        null,
        null
      ],
      "/Users/jaw/Turing/3module/projects/rales_engine/app/models/customer.rb": [
        1,
        1,
        null,
        1,
        1,
        null
      ],
      "/Users/jaw/Turing/3module/projects/rales_engine/app/models/application_record.rb": [
        1,
        1,
        null
      ],
      "/Users/jaw/Turing/3module/projects/rales_engine/app/models/invoice_item.rb": [
        1,
        1,
        null,
        1,
        1,
        null
      ],
      "/Users/jaw/Turing/3module/projects/rales_engine/app/models/invoice.rb": [
        1,
        1,
        null,
        1,
        1,
        1,
        1,
        1,
        null
      ],
      "/Users/jaw/Turing/3module/projects/rales_engine/app/models/item.rb": [
        1,
        1,
        null,
        1,
        1,
        null
      ],
      "/Users/jaw/Turing/3module/projects/rales_engine/app/models/merchant.rb": [
        1,
        1,
        null,
        1,
        1,
        null
      ],
      "/Users/jaw/Turing/3module/projects/rales_engine/app/models/transaction.rb": [
        1,
        1,
        null,
        1,
        null
      ],
      "/Users/jaw/Turing/3module/projects/rales_engine/app/controllers/api/v1/customers_controller.rb": [
        1,
        null,
        1,
        1,
        null,
        null
      ],
      "/Users/jaw/Turing/3module/projects/rales_engine/app/controllers/application_controller.rb": [
        1,
        null
      ],
      "/Users/jaw/Turing/3module/projects/rales_engine/app/controllers/api/v1/merchants_controller.rb": [
        1,
        1,
        1,
        null,
        null
      ]
    },
    "timestamp": 1543387652
  }
}
